<?xml version="1.0" encoding="UTF-8"?>
<testng-results ignored="0" total="1" passed="0" failed="1" skipped="0">
  <reporter-output>
  </reporter-output>
  <suite started-at="2023-07-19T11:24:21 IST" name="Default suite" finished-at="2023-07-19T11:24:25 IST" duration-ms="3885">
    <groups>
    </groups>
    <test started-at="2023-07-19T11:24:21 IST" name="Default test" finished-at="2023-07-19T11:24:25 IST" duration-ms="3885">
      <class name="Utilities.NewTest">
        <test-method is-config="true" signature="beforeMethod()[pri:0, instance:Utilities.NewTest@1725dc0f]" started-at="2023-07-19T11:24:21 IST" name="beforeMethod" finished-at="2023-07-19T11:24:25 IST" duration-ms="3581" status="PASS">
          <reporter-output>
          </reporter-output>
        </test-method> <!-- beforeMethod -->
        <test-method signature="adminLoginWithvalidCread()[pri:0, instance:Utilities.NewTest@1725dc0f]" started-at="2023-07-19T11:24:25 IST" name="adminLoginWithvalidCread" finished-at="2023-07-19T11:24:25 IST" duration-ms="15" status="FAIL">
          <exception class="java.io.FileNotFoundException">
            <message>
              <![CDATA[C:UsersWindowseclipse-workspace
opcommercesrcmainesourcesTestDataTestData.xlsx (The filename, directory name, or volume label syntax is incorrect)]]>
            </message>
            <full-stacktrace>
              <![CDATA[java.io.FileNotFoundException: C:UsersWindowseclipse-workspace
opcommercesrcmainesourcesTestDataTestData.xlsx (The filename, directory name, or volume label syntax is incorrect)
at java.base/java.io.FileInputStream.open0(Native Method)
at java.base/java.io.FileInputStream.open(FileInputStream.java:216)
at java.base/java.io.FileInputStream.<init>(FileInputStream.java:157)
at java.base/java.io.FileInputStream.<init>(FileInputStream.java:111)
at Helper.Base.getTestData(Base.java:79)
at Utilities.NewTest.adminLoginWithvalidCread(NewTest.java:14)
at java.base/jdk.internal.reflect.NativeMethodAccessorImpl.invoke0(Native Method)
at java.base/jdk.internal.reflect.NativeMethodAccessorImpl.invoke(NativeMethodAccessorImpl.java:77)
at java.base/jdk.internal.reflect.DelegatingMethodAccessorImpl.invoke(DelegatingMethodAccessorImpl.java:43)
at java.base/java.lang.reflect.Method.invoke(Method.java:568)
at org.testng.internal.MethodInvocationHelper.invokeMethod(MethodInvocationHelper.java:133)
at org.testng.internal.TestInvoker.invokeMethod(TestInvoker.java:598)
at org.testng.internal.TestInvoker.invokeTestMethod(TestInvoker.java:173)
at org.testng.internal.MethodRunner.runInSequence(MethodRunner.java:46)
at org.testng.internal.TestInvoker$MethodInvocationAgent.invoke(TestInvoker.java:824)
at org.testng.internal.TestInvoker.invokeTestMethods(TestInvoker.java:146)
at org.testng.internal.TestMethodWorker.invokeTestMethods(TestMethodWorker.java:146)
at org.testng.internal.TestMethodWorker.run(TestMethodWorker.java:128)
at java.base/java.util.ArrayList.forEach(ArrayList.java:1511)
at org.testng.TestRunner.privateRun(TestRunner.java:794)
at org.testng.TestRunner.run(TestRunner.java:596)
at org.testng.SuiteRunner.runTest(SuiteRunner.java:377)
at org.testng.SuiteRunner.runSequentially(SuiteRunner.java:371)
at org.testng.SuiteRunner.privateRun(SuiteRunner.java:332)
at org.testng.SuiteRunner.run(SuiteRunner.java:276)
at org.testng.SuiteRunnerWorker.runSuite(SuiteRunnerWorker.java:53)
at org.testng.SuiteRunnerWorker.run(SuiteRunnerWorker.java:96)
at org.testng.TestNG.runSuitesSequentially(TestNG.java:1212)
at org.testng.TestNG.runSuitesLocally(TestNG.java:1134)
at org.testng.TestNG.runSuites(TestNG.java:1063)
at org.testng.TestNG.run(TestNG.java:1031)
at org.testng.remote.AbstractRemoteTestNG.run(AbstractRemoteTestNG.java:115)
at org.testng.remote.RemoteTestNG.initAndRun(RemoteTestNG.java:251)
at org.testng.remote.RemoteTestNG.main(RemoteTestNG.java:77)
]]>
            </full-stacktrace>
          </exception> <!-- java.io.FileNotFoundException -->
          <reporter-output>
          </reporter-output>
        </test-method> <!-- adminLoginWithvalidCread -->
        <test-method is-config="true" signature="afterMethod()[pri:0, instance:Utilities.NewTest@1725dc0f]" started-at="2023-07-19T11:24:25 IST" name="afterMethod" finished-at="2023-07-19T11:24:25 IST" duration-ms="170" status="PASS">
          <reporter-output>
          </reporter-output>
        </test-method> <!-- afterMethod -->
      </class> <!-- Utilities.NewTest -->
    </test> <!-- Default test -->
  </suite> <!-- Default suite -->
</testng-results>
